
=== DOCKER UNIFIED CHECK START: 2025-01-07 15:25:18 ===

--- Checking Dockerfile: /home/oxdev/qmcs/Dockerfile ---
[WARN] No reference to '(main\.py)' found in /home/oxdev/qmcs/Dockerfile.
Building image qmcs-qmcs for /home/oxdev/qmcs/Dockerfile...
[CMD] docker build -t qmcs-qmcs . (cwd=/home/oxdev/qmcs)
Running container qmcs-qmcs-container from image qmcs-qmcs...
[CMD] docker run --rm -d --name qmcs-qmcs-container qmcs-qmcs (cwd=/home/oxdev/qmcs)
[CMD] docker logs qmcs-qmcs-container (cwd=/home/oxdev/qmcs)
[CMD] docker stop qmcs-qmcs-container (cwd=/home/oxdev/qmcs)

--- Checking Dockerfile: /home/oxdev/qmcs/solana_agents/Dockerfile ---
[WARN] No reference to '(main\.py)' found in /home/oxdev/qmcs/solana_agents/Dockerfile.
Building image qmcs-solana-agents for /home/oxdev/qmcs/solana_agents/Dockerfile...
[CMD] docker build -t qmcs-solana-agents . (cwd=/home/oxdev/qmcs/solana_agents)
Running container qmcs-solana-agents-container from image qmcs-solana-agents...
[CMD] docker run --rm -d --name qmcs-solana-agents-container qmcs-solana-agents (cwd=/home/oxdev/qmcs)
[CMD] docker logs qmcs-solana-agents-container (cwd=/home/oxdev/qmcs)
[CMD] docker stop qmcs-solana-agents-container (cwd=/home/oxdev/qmcs)

--- Checking Dockerfile: /home/oxdev/qmcs/solana_agents/solana_agents/Dockerfile ---
[WARN] No reference to '(main\.py)' found in /home/oxdev/qmcs/solana_agents/solana_agents/Dockerfile.
Building image qmcs-solana-agents for /home/oxdev/qmcs/solana_agents/solana_agents/Dockerfile...
[CMD] docker build -t qmcs-solana-agents . (cwd=/home/oxdev/qmcs/solana_agents/solana_agents)
Running container qmcs-solana-agents-container from image qmcs-solana-agents...
[CMD] docker run --rm -d --name qmcs-solana-agents-container qmcs-solana-agents (cwd=/home/oxdev/qmcs)
[CMD] docker logs qmcs-solana-agents-container (cwd=/home/oxdev/qmcs)
[CMD] docker stop qmcs-solana-agents-container (cwd=/home/oxdev/qmcs)

--- Checking Dockerfile: /home/oxdev/qmcs/ragchain_service/Dockerfile ---
[WARN] No reference to '(main\.py)' found in /home/oxdev/qmcs/ragchain_service/Dockerfile.
Building image qmcs-ragchain-service for /home/oxdev/qmcs/ragchain_service/Dockerfile...
[CMD] docker build -t qmcs-ragchain-service . (cwd=/home/oxdev/qmcs/ragchain_service)
Running container qmcs-ragchain-service-container from image qmcs-ragchain-service...
[CMD] docker run --rm -d --name qmcs-ragchain-service-container qmcs-ragchain-service (cwd=/home/oxdev/qmcs)
[CMD] docker logs qmcs-ragchain-service-container (cwd=/home/oxdev/qmcs)
[CMD] docker stop qmcs-ragchain-service-container (cwd=/home/oxdev/qmcs)

--- Checking Dockerfile: /home/oxdev/qmcs/ragchain_service/ragchain_service/Dockerfile ---
[WARN] No reference to '(main\.py)' found in /home/oxdev/qmcs/ragchain_service/ragchain_service/Dockerfile.
Building image qmcs-ragchain-service for /home/oxdev/qmcs/ragchain_service/ragchain_service/Dockerfile...
[CMD] docker build -t qmcs-ragchain-service . (cwd=/home/oxdev/qmcs/ragchain_service/ragchain_service)
Running container qmcs-ragchain-service-container from image qmcs-ragchain-service...
[CMD] docker run --rm -d --name qmcs-ragchain-service-container qmcs-ragchain-service (cwd=/home/oxdev/qmcs)
[CMD] docker logs qmcs-ragchain-service-container (cwd=/home/oxdev/qmcs)
[CMD] docker stop qmcs-ragchain-service-container (cwd=/home/oxdev/qmcs)

--- Checking Dockerfile: /home/oxdev/qmcs/browser_service/Dockerfile ---
[WARN] No reference to '(main\.py)' found in /home/oxdev/qmcs/browser_service/Dockerfile.
Building image qmcs-browser-service for /home/oxdev/qmcs/browser_service/Dockerfile...
[CMD] docker build -t qmcs-browser-service . (cwd=/home/oxdev/qmcs/browser_service)
[ERROR] Command failed: Command '['docker', 'build', '-t', 'qmcs-browser-service', '.']' returned non-zero exit status 1.
